<?xml version="1.0" encoding="UTF-8"?>
<!-- Generated by org.testng.reporters.JUnitReportReporter -->
<testsuite skipped="0" hostname="LAPTOP-QSDTITF8" name="seleniumBootcamp.EditOpportunity_SalesForce" tests="1" failures="0" timestamp="2021-11-28T23:07:54 NZDT" time="33.862" errors="0">
  <testcase name="editOpp" time="33.862" classname="seleniumBootcamp.EditOpportunity_SalesForce"/>
</testsuite> <!-- seleniumBootcamp.EditOpportunity_SalesForce -->
